  Scheduler.cpp
C:\Users\hp\Desktop\Data Structure Project\1. PH2\Project1\UserInterface.h(41,4): warning C4996: '_sleep': This function or variable has been superceded by newer library or operating system functionality. Consider using Sleep instead. See online help for details.
C:\Users\hp\Desktop\Data Structure Project\1. PH2\Project1\Scheduler.cpp(12,29): warning C4305: 'initializing': truncation from '__int64' to 'int'
C:\Users\hp\Desktop\Data Structure Project\1. PH2\Project1\Scheduler.cpp(12,12): warning C4309: 'initializing': truncation of constant value
C:\Users\hp\Desktop\Data Structure Project\1. PH2\Project1\Scheduler.cpp(520,14): warning C4101: 'avgRT': unreferenced local variable
C:\Users\hp\Desktop\Data Structure Project\1. PH2\Project1\Scheduler.cpp(524,7): warning C4101: 'avgUtilization': unreferenced local variable
C:\Users\hp\Desktop\Data Structure Project\1. PH2\Project1\Scheduler.cpp(520,7): warning C4101: 'avgWT': unreferenced local variable
C:\Users\hp\Desktop\Data Structure Project\1. PH2\Project1\Scheduler.cpp(523,7): warning C4101: 'processorload': unreferenced local variable
C:\Users\hp\Desktop\Data Structure Project\1. PH2\Project1\Scheduler.cpp(520,21): warning C4101: 'avgTRT': unreferenced local variable
C:\Users\hp\Desktop\Data Structure Project\1. PH2\Project1\Scheduler.cpp(523,22): warning C4101: 'processorutilization': unreferenced local variable
C:\Users\hp\Desktop\Data Structure Project\1. PH2\Project1\Scheduler.cpp(133): warning C4700: uninitialized local variable 'p' used
C:\Users\hp\Desktop\Data Structure Project\1. PH2\Project1\Scheduler.cpp(443): warning C4700: uninitialized local variable 'found' used
C:\Users\hp\Desktop\Data Structure Project\1. PH2\Project1\Scheduler.cpp(537): warning C4700: uninitialized local variable 'totalWT' used
C:\Users\hp\Desktop\Data Structure Project\1. PH2\Project1\Scheduler.cpp(540): warning C4700: uninitialized local variable 'totalRT' used
C:\Users\hp\Desktop\Data Structure Project\1. PH2\Project1\Scheduler.cpp(551): warning C4700: uninitialized local variable 'MigMaxW' used
C:\Users\hp\Desktop\Data Structure Project\1. PH2\Project1\Scheduler.cpp(551): warning C4700: uninitialized local variable 'MigRTF' used
C:\Users\hp\Desktop\Data Structure Project\1. PH2\Project1\Scheduler.cpp(552): warning C4700: uninitialized local variable 'workstealperc' used
C:\Users\hp\Desktop\Data Structure Project\1. PH2\Project1\Scheduler.cpp(553): warning C4700: uninitialized local variable 'forkperc' used
C:\Users\hp\Desktop\Data Structure Project\1. PH2\Project1\Scheduler.cpp(554): warning C4700: uninitialized local variable 'killperc' used
C:\Users\hp\Desktop\Data Structure Project\1. PH2\Project1\FCFSprocessor.h(123): warning C4700: uninitialized local variable 'q' used
C:\Users\hp\Desktop\Data Structure Project\1. PH2\Project1\SJFprocessor.h(114): warning C4700: uninitialized local variable 'q' used
C:\Users\hp\Desktop\Data Structure Project\1. PH2\Project1\RRprocessor.h(134): warning C4700: uninitialized local variable 'q' used
  Project1.vcxproj -> C:\Users\hp\Desktop\Data Structure Project\1. PH2\Debug\Project1.exe
